<?xml version="1.0" encoding="UTF-8"?>
<coverage generated="1773125061696" clover="3.2.0">
  <project timestamp="1773125061696" name="All files">
    <metrics statements="99" coveredstatements="88" conditionals="85" coveredconditionals="63" methods="14" coveredmethods="14" elements="198" coveredelements="165" complexity="0" loc="99" ncloc="99" packages="1" files="3" classes="3"/>
    <file name="gendiff.js" path="/home/mammoth/Scripts/git/frontend-project-46/src/gendiff.js">
      <metrics statements="85" coveredstatements="78" conditionals="81" coveredconditionals="60" methods="12" coveredmethods="12"/>
      <line num="6" count="1" type="stmt"/>
      <line num="7" count="20" type="cond" truecount="4" falsecount="0"/>
      <line num="8" count="10" type="stmt"/>
      <line num="16" count="10" type="cond" truecount="4" falsecount="0"/>
      <line num="17" count="5" type="stmt"/>
      <line num="24" count="5" type="cond" truecount="3" falsecount="1"/>
      <line num="25" count="5" type="stmt"/>
      <line num="32" count="0" type="stmt"/>
      <line num="35" count="1" type="stmt"/>
      <line num="36" count="7" type="stmt"/>
      <line num="37" count="9" type="cond" truecount="2" falsecount="0"/>
      <line num="38" count="6" type="stmt"/>
      <line num="45" count="3" type="stmt"/>
      <line num="54" count="1" type="stmt"/>
      <line num="55" count="14" type="cond" truecount="1" falsecount="1"/>
      <line num="56" count="0" type="stmt"/>
      <line num="58" count="14" type="stmt"/>
      <line num="61" count="1" type="stmt"/>
      <line num="62" count="28" type="cond" truecount="4" falsecount="0"/>
      <line num="63" count="20" type="stmt"/>
      <line num="64" count="8" type="cond" truecount="4" falsecount="0"/>
      <line num="65" count="4" type="cond" truecount="3" falsecount="1"/>
      <line num="66" count="4" type="stmt"/>
      <line num="73" count="0" type="cond" truecount="0" falsecount="4"/>
      <line num="74" count="0" type="stmt"/>
      <line num="81" count="0" type="cond" truecount="0" falsecount="4"/>
      <line num="82" count="0" type="stmt"/>
      <line num="90" count="4" type="cond" truecount="4" falsecount="0"/>
      <line num="91" count="1" type="stmt"/>
      <line num="100" count="3" type="cond" truecount="4" falsecount="0"/>
      <line num="101" count="2" type="stmt"/>
      <line num="110" count="1" type="stmt"/>
      <line num="120" count="1" type="stmt"/>
      <line num="121" count="31" type="cond" truecount="2" falsecount="0"/>
      <line num="122" count="30" type="stmt"/>
      <line num="124" count="1" type="stmt"/>
      <line num="126" count="1" type="stmt"/>
      <line num="127" count="26" type="stmt"/>
      <line num="128" count="26" type="stmt"/>
      <line num="129" count="26" type="cond" truecount="4" falsecount="1"/>
      <line num="131" count="5" type="stmt"/>
      <line num="132" count="5" type="stmt"/>
      <line num="135" count="5" type="stmt"/>
      <line num="136" count="5" type="stmt"/>
      <line num="139" count="11" type="stmt"/>
      <line num="140" count="11" type="stmt"/>
      <line num="143" count="5" type="stmt"/>
      <line num="144" count="5" type="stmt"/>
      <line num="145" count="5" type="stmt"/>
      <line num="148" count="0" type="stmt"/>
      <line num="152" count="1" type="cond" truecount="0" falsecount="1"/>
      <line num="153" count="3" type="stmt"/>
      <line num="154" count="3" type="cond" truecount="1" falsecount="0"/>
      <line num="155" count="14" type="stmt"/>
      <line num="156" count="14" type="stmt"/>
      <line num="157" count="37" type="stmt"/>
      <line num="158" count="37" type="cond" truecount="2" falsecount="0"/>
      <line num="159" count="26" type="stmt"/>
      <line num="160" count="11" type="cond" truecount="2" falsecount="0"/>
      <line num="161" count="10" type="cond" truecount="2" falsecount="0"/>
      <line num="162" count="7" type="stmt"/>
      <line num="163" count="7" type="stmt"/>
      <line num="165" count="10" type="stmt"/>
      <line num="166" count="10" type="cond" truecount="2" falsecount="0"/>
      <line num="167" count="2" type="stmt"/>
      <line num="169" count="10" type="cond" truecount="2" falsecount="0"/>
      <line num="170" count="1" type="stmt"/>
      <line num="174" count="1" type="stmt"/>
      <line num="175" count="1" type="cond" truecount="1" falsecount="1"/>
      <line num="178" count="1" type="cond" truecount="1" falsecount="1"/>
      <line num="185" count="14" type="stmt"/>
      <line num="187" count="3" type="stmt"/>
      <line num="188" count="3" type="stmt"/>
      <line num="191" count="1" type="stmt"/>
      <line num="192" count="7" type="stmt"/>
      <line num="194" count="7" type="stmt"/>
      <line num="196" count="7" type="stmt"/>
      <line num="197" count="28" type="stmt"/>
      <line num="204" count="7" type="stmt"/>
      <line num="208" count="3" type="stmt"/>
      <line num="209" count="3" type="stmt"/>
      <line num="210" count="3" type="stmt"/>
      <line num="211" count="3" type="stmt"/>
      <line num="212" count="3" type="stmt"/>
      <line num="214" count="3" type="stmt"/>
    </file>
    <file name="parsers.js" path="/home/mammoth/Scripts/git/frontend-project-46/src/parsers.js">
      <metrics statements="8" coveredstatements="5" conditionals="4" coveredconditionals="3" methods="1" coveredmethods="1"/>
      <line num="4" count="6" type="cond" truecount="3" falsecount="1"/>
      <line num="6" count="4" type="stmt"/>
      <line num="7" count="4" type="stmt"/>
      <line num="9" count="0" type="stmt"/>
      <line num="14" count="2" type="stmt"/>
      <line num="15" count="2" type="stmt"/>
      <line num="17" count="0" type="stmt"/>
      <line num="20" count="0" type="stmt"/>
    </file>
    <file name="readFile.js" path="/home/mammoth/Scripts/git/frontend-project-46/src/readFile.js">
      <metrics statements="6" coveredstatements="5" conditionals="0" coveredconditionals="0" methods="1" coveredmethods="1"/>
      <line num="3" count="1" type="stmt"/>
      <line num="4" count="8" type="stmt"/>
      <line num="5" count="8" type="stmt"/>
      <line num="6" count="8" type="stmt"/>
      <line num="7" count="8" type="stmt"/>
      <line num="10" count="0" type="stmt"/>
    </file>
  </project>
</coverage>
