{"/home/mammoth/Scripts/git/frontend-project-46/src/buildTree.js": {"path":"/home/mammoth/Scripts/git/frontend-project-46/src/buildTree.js","statementMap":{"0":{"start":{"line":3,"column":17},"end":{"line":30,"column":1}},"1":{"start":{"line":4,"column":2},"end":{"line":12,"column":3}},"2":{"start":{"line":5,"column":4},"end":{"line":11,"column":5}},"3":{"start":{"line":13,"column":2},"end":{"line":20,"column":3}},"4":{"start":{"line":14,"column":4},"end":{"line":19,"column":5}},"5":{"start":{"line":21,"column":2},"end":{"line":28,"column":3}},"6":{"start":{"line":22,"column":4},"end":{"line":27,"column":5}},"7":{"start":{"line":29,"column":2},"end":{"line":29,"column":24}},"8":{"start":{"line":32,"column":24},"end":{"line":49,"column":1}},"9":{"start":{"line":33,"column":2},"end":{"line":48,"column":4}},"10":{"start":{"line":34,"column":4},"end":{"line":41,"column":5}},"11":{"start":{"line":35,"column":6},"end":{"line":40,"column":7}},"12":{"start":{"line":42,"column":4},"end":{"line":47,"column":5}},"13":{"start":{"line":51,"column":15},"end":{"line":110,"column":1}},"14":{"start":{"line":52,"column":2},"end":{"line":109,"column":3}},"15":{"start":{"line":53,"column":4},"end":{"line":53,"column":38}},"16":{"start":{"line":54,"column":9},"end":{"line":109,"column":3}},"17":{"start":{"line":55,"column":4},"end":{"line":62,"column":5}},"18":{"start":{"line":56,"column":6},"end":{"line":61,"column":7}},"19":{"start":{"line":63,"column":4},"end":{"line":70,"column":5}},"20":{"start":{"line":64,"column":6},"end":{"line":69,"column":7}},"21":{"start":{"line":71,"column":4},"end":{"line":78,"column":5}},"22":{"start":{"line":72,"column":6},"end":{"line":77,"column":7}},"23":{"start":{"line":80,"column":4},"end":{"line":89,"column":5}},"24":{"start":{"line":81,"column":6},"end":{"line":88,"column":7}},"25":{"start":{"line":90,"column":4},"end":{"line":99,"column":5}},"26":{"start":{"line":91,"column":6},"end":{"line":98,"column":7}},"27":{"start":{"line":100,"column":4},"end":{"line":108,"column":5}},"28":{"start":{"line":112,"column":20},"end":{"line":117,"column":1}},"29":{"start":{"line":113,"column":2},"end":{"line":115,"column":3}},"30":{"start":{"line":114,"column":4},"end":{"line":114,"column":15}},"31":{"start":{"line":116,"column":2},"end":{"line":116,"column":26}},"32":{"start":{"line":119,"column":25},"end":{"line":126,"column":1}},"33":{"start":{"line":120,"column":16},"end":{"line":120,"column":34}},"34":{"start":{"line":121,"column":16},"end":{"line":121,"column":34}},"35":{"start":{"line":122,"column":15},"end":{"line":124,"column":4}},"36":{"start":{"line":123,"column":4},"end":{"line":123,"column":36}},"37":{"start":{"line":125,"column":2},"end":{"line":125,"column":13}}},"fnMap":{"0":{"name":"(anonymous_0)","decl":{"start":{"line":3,"column":17},"end":{"line":3,"column":18}},"loc":{"start":{"line":3,"column":40},"end":{"line":30,"column":1}},"line":3},"1":{"name":"(anonymous_1)","decl":{"start":{"line":32,"column":24},"end":{"line":32,"column":25}},"loc":{"start":{"line":32,"column":34},"end":{"line":49,"column":1}},"line":32},"2":{"name":"(anonymous_2)","decl":{"start":{"line":33,"column":41},"end":{"line":33,"column":42}},"loc":{"start":{"line":33,"column":50},"end":{"line":48,"column":3}},"line":33},"3":{"name":"(anonymous_3)","decl":{"start":{"line":51,"column":15},"end":{"line":51,"column":16}},"loc":{"start":{"line":51,"column":38},"end":{"line":110,"column":1}},"line":51},"4":{"name":"(anonymous_4)","decl":{"start":{"line":112,"column":20},"end":{"line":112,"column":21}},"loc":{"start":{"line":112,"column":30},"end":{"line":117,"column":1}},"line":112},"5":{"name":"(anonymous_5)","decl":{"start":{"line":119,"column":25},"end":{"line":119,"column":26}},"loc":{"start":{"line":119,"column":43},"end":{"line":126,"column":1}},"line":119},"6":{"name":"(anonymous_6)","decl":{"start":{"line":122,"column":51},"end":{"line":122,"column":52}},"loc":{"start":{"line":122,"column":60},"end":{"line":124,"column":3}},"line":122}},"branchMap":{"0":{"loc":{"start":{"line":4,"column":2},"end":{"line":12,"column":3}},"type":"if","locations":[{"start":{"line":4,"column":2},"end":{"line":12,"column":3}},{"start":{},"end":{}}],"line":4},"1":{"loc":{"start":{"line":4,"column":6},"end":{"line":4,"column":44}},"type":"binary-expr","locations":[{"start":{"line":4,"column":6},"end":{"line":4,"column":23}},{"start":{"line":4,"column":27},"end":{"line":4,"column":44}}],"line":4},"2":{"loc":{"start":{"line":10,"column":12},"end":{"line":10,"column":63}},"type":"cond-expr","locations":[{"start":{"line":10,"column":40},"end":{"line":10,"column":51}},{"start":{"line":10,"column":54},"end":{"line":10,"column":63}}],"line":10},"3":{"loc":{"start":{"line":13,"column":2},"end":{"line":20,"column":3}},"type":"if","locations":[{"start":{"line":13,"column":2},"end":{"line":20,"column":3}},{"start":{},"end":{}}],"line":13},"4":{"loc":{"start":{"line":13,"column":6},"end":{"line":13,"column":45}},"type":"binary-expr","locations":[{"start":{"line":13,"column":6},"end":{"line":13,"column":24}},{"start":{"line":13,"column":28},"end":{"line":13,"column":45}}],"line":13},"5":{"loc":{"start":{"line":21,"column":2},"end":{"line":28,"column":3}},"type":"if","locations":[{"start":{"line":21,"column":2},"end":{"line":28,"column":3}},{"start":{},"end":{}}],"line":21},"6":{"loc":{"start":{"line":21,"column":6},"end":{"line":21,"column":45}},"type":"binary-expr","locations":[{"start":{"line":21,"column":6},"end":{"line":21,"column":23}},{"start":{"line":21,"column":27},"end":{"line":21,"column":45}}],"line":21},"7":{"loc":{"start":{"line":34,"column":4},"end":{"line":41,"column":5}},"type":"if","locations":[{"start":{"line":34,"column":4},"end":{"line":41,"column":5}},{"start":{},"end":{}}],"line":34},"8":{"loc":{"start":{"line":52,"column":2},"end":{"line":109,"column":3}},"type":"if","locations":[{"start":{"line":52,"column":2},"end":{"line":109,"column":3}},{"start":{"line":54,"column":9},"end":{"line":109,"column":3}}],"line":52},"9":{"loc":{"start":{"line":52,"column":6},"end":{"line":52,"column":56}},"type":"binary-expr","locations":[{"start":{"line":52,"column":6},"end":{"line":52,"column":29}},{"start":{"line":52,"column":33},"end":{"line":52,"column":56}}],"line":52},"10":{"loc":{"start":{"line":54,"column":9},"end":{"line":109,"column":3}},"type":"if","locations":[{"start":{"line":54,"column":9},"end":{"line":109,"column":3}},{"start":{"line":79,"column":9},"end":{"line":109,"column":3}}],"line":54},"11":{"loc":{"start":{"line":54,"column":13},"end":{"line":54,"column":61}},"type":"binary-expr","locations":[{"start":{"line":54,"column":13},"end":{"line":54,"column":35}},{"start":{"line":54,"column":39},"end":{"line":54,"column":61}}],"line":54},"12":{"loc":{"start":{"line":55,"column":4},"end":{"line":62,"column":5}},"type":"if","locations":[{"start":{"line":55,"column":4},"end":{"line":62,"column":5}},{"start":{},"end":{}}],"line":55},"13":{"loc":{"start":{"line":55,"column":8},"end":{"line":55,"column":46}},"type":"binary-expr","locations":[{"start":{"line":55,"column":8},"end":{"line":55,"column":25}},{"start":{"line":55,"column":29},"end":{"line":55,"column":46}}],"line":55},"14":{"loc":{"start":{"line":63,"column":4},"end":{"line":70,"column":5}},"type":"if","locations":[{"start":{"line":63,"column":4},"end":{"line":70,"column":5}},{"start":{},"end":{}}],"line":63},"15":{"loc":{"start":{"line":63,"column":8},"end":{"line":63,"column":47}},"type":"binary-expr","locations":[{"start":{"line":63,"column":8},"end":{"line":63,"column":26}},{"start":{"line":63,"column":30},"end":{"line":63,"column":47}}],"line":63},"16":{"loc":{"start":{"line":71,"column":4},"end":{"line":78,"column":5}},"type":"if","locations":[{"start":{"line":71,"column":4},"end":{"line":78,"column":5}},{"start":{},"end":{}}],"line":71},"17":{"loc":{"start":{"line":71,"column":8},"end":{"line":71,"column":47}},"type":"binary-expr","locations":[{"start":{"line":71,"column":8},"end":{"line":71,"column":26}},{"start":{"line":71,"column":30},"end":{"line":71,"column":47}}],"line":71},"18":{"loc":{"start":{"line":80,"column":4},"end":{"line":89,"column":5}},"type":"if","locations":[{"start":{"line":80,"column":4},"end":{"line":89,"column":5}},{"start":{},"end":{}}],"line":80},"19":{"loc":{"start":{"line":80,"column":8},"end":{"line":80,"column":47}},"type":"binary-expr","locations":[{"start":{"line":80,"column":8},"end":{"line":80,"column":25}},{"start":{"line":80,"column":29},"end":{"line":80,"column":47}}],"line":80},"20":{"loc":{"start":{"line":83,"column":16},"end":{"line":83,"column":53}},"type":"cond-expr","locations":[{"start":{"line":83,"column":41},"end":{"line":83,"column":45}},{"start":{"line":83,"column":48},"end":{"line":83,"column":53}}],"line":83},"21":{"loc":{"start":{"line":85,"column":15},"end":{"line":87,"column":22}},"type":"cond-expr","locations":[{"start":{"line":86,"column":12},"end":{"line":86,"column":39}},{"start":{"line":87,"column":12},"end":{"line":87,"column":22}}],"line":85},"22":{"loc":{"start":{"line":90,"column":4},"end":{"line":99,"column":5}},"type":"if","locations":[{"start":{"line":90,"column":4},"end":{"line":99,"column":5}},{"start":{},"end":{}}],"line":90},"23":{"loc":{"start":{"line":90,"column":8},"end":{"line":90,"column":47}},"type":"binary-expr","locations":[{"start":{"line":90,"column":8},"end":{"line":90,"column":26}},{"start":{"line":90,"column":30},"end":{"line":90,"column":47}}],"line":90},"24":{"loc":{"start":{"line":93,"column":16},"end":{"line":93,"column":53}},"type":"cond-expr","locations":[{"start":{"line":93,"column":41},"end":{"line":93,"column":45}},{"start":{"line":93,"column":48},"end":{"line":93,"column":53}}],"line":93},"25":{"loc":{"start":{"line":95,"column":15},"end":{"line":97,"column":22}},"type":"cond-expr","locations":[{"start":{"line":96,"column":12},"end":{"line":96,"column":39}},{"start":{"line":97,"column":12},"end":{"line":97,"column":22}}],"line":95},"26":{"loc":{"start":{"line":104,"column":13},"end":{"line":104,"column":78}},"type":"cond-expr","locations":[{"start":{"line":104,"column":38},"end":{"line":104,"column":65}},{"start":{"line":104,"column":68},"end":{"line":104,"column":78}}],"line":104},"27":{"loc":{"start":{"line":105,"column":16},"end":{"line":107,"column":20}},"type":"cond-expr","locations":[{"start":{"line":106,"column":10},"end":{"line":106,"column":37}},{"start":{"line":107,"column":10},"end":{"line":107,"column":20}}],"line":105},"28":{"loc":{"start":{"line":113,"column":2},"end":{"line":115,"column":3}},"type":"if","locations":[{"start":{"line":113,"column":2},"end":{"line":115,"column":3}},{"start":{},"end":{}}],"line":113}},"s":{"0":1,"1":40,"2":22,"3":18,"4":11,"5":7,"6":7,"7":0,"8":1,"9":21,"10":27,"11":18,"12":9,"13":1,"14":64,"15":40,"16":24,"17":12,"18":12,"19":0,"20":0,"21":0,"22":0,"23":12,"24":3,"25":9,"26":6,"27":3,"28":1,"29":34,"30":0,"31":34,"32":1,"33":17,"34":17,"35":17,"36":64,"37":17},"f":{"0":40,"1":21,"2":27,"3":64,"4":34,"5":17,"6":64},"b":{"0":[22,18],"1":[40,29],"2":[11,11],"3":[11,7],"4":[18,11],"5":[7,0],"6":[7,7],"7":[18,9],"8":[40,24],"9":[64,46],"10":[12,12],"11":[24,18],"12":[12,0],"13":[12,12],"14":[0,0],"15":[0,0],"16":[0,0],"17":[0,0],"18":[3,9],"19":[12,6],"20":[3,0],"21":[3,0],"22":[6,3],"23":[9,6],"24":[6,0],"25":[6,0],"26":[3,0],"27":[0,3],"28":[0,34]},"_coverageSchema":"1a1c01bbd47fc00a2c39e90264f33305004495a9","hash":"f9703cb9336625fc41329d61afa42ca7ea8d210d"}
,"/home/mammoth/Scripts/git/frontend-project-46/src/gendiff.js": {"path":"/home/mammoth/Scripts/git/frontend-project-46/src/gendiff.js","statementMap":{"0":{"start":{"line":8,"column":20},"end":{"line":8,"column":38}},"1":{"start":{"line":9,"column":20},"end":{"line":9,"column":38}},"2":{"start":{"line":10,"column":22},"end":{"line":10,"column":60}},"3":{"start":{"line":11,"column":22},"end":{"line":11,"column":60}},"4":{"start":{"line":12,"column":15},"end":{"line":12,"column":50}},"5":{"start":{"line":13,"column":2},"end":{"line":13,"column":31}}},"fnMap":{"0":{"name":"(anonymous_0)","decl":{"start":{"line":7,"column":15},"end":{"line":7,"column":16}},"loc":{"start":{"line":7,"column":47},"end":{"line":14,"column":1}},"line":7}},"branchMap":{},"s":{"0":5,"1":5,"2":5,"3":5,"4":5,"5":5},"f":{"0":5},"b":{},"_coverageSchema":"1a1c01bbd47fc00a2c39e90264f33305004495a9","hash":"f13d2fd1f61f0641de9f90aabc29efa88b827aa4"}
,"/home/mammoth/Scripts/git/frontend-project-46/src/parsers.js": {"path":"/home/mammoth/Scripts/git/frontend-project-46/src/parsers.js","statementMap":{"0":{"start":{"line":4,"column":2},"end":{"line":21,"column":3}},"1":{"start":{"line":6,"column":6},"end":{"line":10,"column":7}},"2":{"start":{"line":7,"column":8},"end":{"line":7,"column":31}},"3":{"start":{"line":9,"column":8},"end":{"line":9,"column":44}},"4":{"start":{"line":14,"column":6},"end":{"line":18,"column":7}},"5":{"start":{"line":15,"column":8},"end":{"line":15,"column":26}},"6":{"start":{"line":17,"column":8},"end":{"line":17,"column":44}},"7":{"start":{"line":20,"column":6},"end":{"line":20,"column":51}}},"fnMap":{"0":{"name":"(anonymous_0)","decl":{"start":{"line":3,"column":15},"end":{"line":3,"column":16}},"loc":{"start":{"line":3,"column":37},"end":{"line":22,"column":1}},"line":3}},"branchMap":{"0":{"loc":{"start":{"line":4,"column":2},"end":{"line":21,"column":3}},"type":"switch","locations":[{"start":{"line":5,"column":4},"end":{"line":10,"column":7}},{"start":{"line":12,"column":4},"end":{"line":12,"column":17}},{"start":{"line":13,"column":4},"end":{"line":18,"column":7}},{"start":{"line":19,"column":4},"end":{"line":20,"column":51}}],"line":4}},"s":{"0":10,"1":8,"2":8,"3":0,"4":2,"5":2,"6":0,"7":0},"f":{"0":10},"b":{"0":[8,1,2,0]},"_coverageSchema":"1a1c01bbd47fc00a2c39e90264f33305004495a9","hash":"7f972bd70bfd334767abb64acccd6879ad0ea46a"}
,"/home/mammoth/Scripts/git/frontend-project-46/src/readFile.js": {"path":"/home/mammoth/Scripts/git/frontend-project-46/src/readFile.js","statementMap":{"0":{"start":{"line":3,"column":27},"end":{"line":11,"column":1}},"1":{"start":{"line":4,"column":13},"end":{"line":4,"column":15}},"2":{"start":{"line":5,"column":2},"end":{"line":10,"column":3}},"3":{"start":{"line":6,"column":4},"end":{"line":6,"column":41}},"4":{"start":{"line":7,"column":4},"end":{"line":7,"column":15}},"5":{"start":{"line":9,"column":4},"end":{"line":9,"column":78}}},"fnMap":{"0":{"name":"(anonymous_0)","decl":{"start":{"line":3,"column":27},"end":{"line":3,"column":28}},"loc":{"start":{"line":3,"column":37},"end":{"line":11,"column":1}},"line":3}},"branchMap":{},"s":{"0":1,"1":14,"2":14,"3":14,"4":14,"5":0},"f":{"0":14},"b":{},"_coverageSchema":"1a1c01bbd47fc00a2c39e90264f33305004495a9","hash":"f3d9acff7cdf345409e81b6fff19f1a4ac6e7fe6"}
,"/home/mammoth/Scripts/git/frontend-project-46/src/formater/index.js": {"path":"/home/mammoth/Scripts/git/frontend-project-46/src/formater/index.js","statementMap":{"0":{"start":{"line":5,"column":24},"end":{"line":17,"column":1}},"1":{"start":{"line":6,"column":2},"end":{"line":16,"column":3}},"2":{"start":{"line":8,"column":6},"end":{"line":8,"column":26}},"3":{"start":{"line":10,"column":6},"end":{"line":10,"column":24}},"4":{"start":{"line":12,"column":6},"end":{"line":12,"column":23}},"5":{"start":{"line":15,"column":6},"end":{"line":15,"column":26}}},"fnMap":{"0":{"name":"(anonymous_0)","decl":{"start":{"line":5,"column":24},"end":{"line":5,"column":25}},"loc":{"start":{"line":5,"column":42},"end":{"line":17,"column":1}},"line":5}},"branchMap":{"0":{"loc":{"start":{"line":6,"column":2},"end":{"line":16,"column":3}},"type":"switch","locations":[{"start":{"line":7,"column":4},"end":{"line":8,"column":26}},{"start":{"line":9,"column":4},"end":{"line":10,"column":24}},{"start":{"line":11,"column":4},"end":{"line":12,"column":23}},{"start":{"line":14,"column":4},"end":{"line":15,"column":26}}],"line":6}},"s":{"0":1,"1":5,"2":1,"3":1,"4":1,"5":2},"f":{"0":5},"b":{"0":[1,1,1,2]},"_coverageSchema":"1a1c01bbd47fc00a2c39e90264f33305004495a9","hash":"88ce982c9a6b15635a67a5fff6a1879da1e4d278"}
,"/home/mammoth/Scripts/git/frontend-project-46/src/formater/json.js": {"path":"/home/mammoth/Scripts/git/frontend-project-46/src/formater/json.js","statementMap":{"0":{"start":{"line":2,"column":2},"end":{"line":2,"column":38}}},"fnMap":{"0":{"name":"(anonymous_0)","decl":{"start":{"line":1,"column":15},"end":{"line":1,"column":16}},"loc":{"start":{"line":1,"column":25},"end":{"line":3,"column":1}},"line":1}},"branchMap":{},"s":{"0":1},"f":{"0":1},"b":{},"_coverageSchema":"1a1c01bbd47fc00a2c39e90264f33305004495a9","hash":"5719d420ab46dca3f41bd76f290946ccb1ef48f0"}
,"/home/mammoth/Scripts/git/frontend-project-46/src/formater/plain.js": {"path":"/home/mammoth/Scripts/git/frontend-project-46/src/formater/plain.js","statementMap":{"0":{"start":{"line":3,"column":18},"end":{"line":3,"column":79}},"1":{"start":{"line":3,"column":30},"end":{"line":3,"column":78}},"2":{"start":{"line":5,"column":18},"end":{"line":29,"column":1}},"3":{"start":{"line":6,"column":13},"end":{"line":6,"column":15}},"4":{"start":{"line":7,"column":41},"end":{"line":7,"column":52}},"5":{"start":{"line":8,"column":21},"end":{"line":8,"column":53}},"6":{"start":{"line":10,"column":2},"end":{"line":28,"column":3}},"7":{"start":{"line":12,"column":6},"end":{"line":12,"column":54}},"8":{"start":{"line":13,"column":6},"end":{"line":13,"column":17}},"9":{"start":{"line":16,"column":6},"end":{"line":16,"column":84}},"10":{"start":{"line":17,"column":6},"end":{"line":17,"column":17}},"11":{"start":{"line":20,"column":6},"end":{"line":20,"column":17}},"12":{"start":{"line":23,"column":6},"end":{"line":23,"column":106}},"13":{"start":{"line":24,"column":6},"end":{"line":24,"column":17}},"14":{"start":{"line":27,"column":6},"end":{"line":27,"column":17}},"15":{"start":{"line":32,"column":15},"end":{"line":61,"column":3}},"16":{"start":{"line":33,"column":22},"end":{"line":33,"column":24}},"17":{"start":{"line":34,"column":4},"end":{"line":59,"column":5}},"18":{"start":{"line":34,"column":17},"end":{"line":34,"column":18}},"19":{"start":{"line":35,"column":23},"end":{"line":35,"column":30}},"20":{"start":{"line":36,"column":6},"end":{"line":58,"column":7}},"21":{"start":{"line":37,"column":8},"end":{"line":37,"column":50}},"22":{"start":{"line":38,"column":13},"end":{"line":58,"column":7}},"23":{"start":{"line":39,"column":8},"end":{"line":42,"column":9}},"24":{"start":{"line":40,"column":34},"end":{"line":40,"column":41}},"25":{"start":{"line":41,"column":10},"end":{"line":41,"column":63}},"26":{"start":{"line":43,"column":28},"end":{"line":43,"column":35}},"27":{"start":{"line":44,"column":8},"end":{"line":47,"column":9}},"28":{"start":{"line":45,"column":29},"end":{"line":45,"column":61}},"29":{"start":{"line":46,"column":10},"end":{"line":46,"column":91}},"30":{"start":{"line":48,"column":8},"end":{"line":51,"column":9}},"31":{"start":{"line":49,"column":29},"end":{"line":49,"column":61}},"32":{"start":{"line":50,"column":10},"end":{"line":50,"column":65}},"33":{"start":{"line":53,"column":39},"end":{"line":53,"column":46}},"34":{"start":{"line":54,"column":27},"end":{"line":54,"column":59}},"35":{"start":{"line":55,"column":8},"end":{"line":57,"column":97}},"36":{"start":{"line":60,"column":4},"end":{"line":60,"column":22}},"37":{"start":{"line":62,"column":17},"end":{"line":62,"column":31}},"38":{"start":{"line":63,"column":2},"end":{"line":63,"column":15}}},"fnMap":{"0":{"name":"(anonymous_0)","decl":{"start":{"line":3,"column":18},"end":{"line":3,"column":19}},"loc":{"start":{"line":3,"column":30},"end":{"line":3,"column":78}},"line":3},"1":{"name":"(anonymous_1)","decl":{"start":{"line":5,"column":18},"end":{"line":5,"column":19}},"loc":{"start":{"line":5,"column":44},"end":{"line":29,"column":1}},"line":5},"2":{"name":"(anonymous_2)","decl":{"start":{"line":31,"column":15},"end":{"line":31,"column":16}},"loc":{"start":{"line":31,"column":25},"end":{"line":64,"column":1}},"line":31},"3":{"name":"(anonymous_3)","decl":{"start":{"line":32,"column":15},"end":{"line":32,"column":16}},"loc":{"start":{"line":32,"column":34},"end":{"line":61,"column":3}},"line":32}},"branchMap":{"0":{"loc":{"start":{"line":3,"column":30},"end":{"line":3,"column":78}},"type":"cond-expr","locations":[{"start":{"line":3,"column":58},"end":{"line":3,"column":70}},{"start":{"line":3,"column":73},"end":{"line":3,"column":78}}],"line":3},"1":{"loc":{"start":{"line":10,"column":2},"end":{"line":28,"column":3}},"type":"switch","locations":[{"start":{"line":11,"column":4},"end":{"line":13,"column":17}},{"start":{"line":15,"column":4},"end":{"line":17,"column":17}},{"start":{"line":19,"column":4},"end":{"line":20,"column":17}},{"start":{"line":22,"column":4},"end":{"line":24,"column":17}},{"start":{"line":26,"column":4},"end":{"line":27,"column":17}}],"line":10},"2":{"loc":{"start":{"line":36,"column":6},"end":{"line":58,"column":7}},"type":"if","locations":[{"start":{"line":36,"column":6},"end":{"line":58,"column":7}},{"start":{"line":38,"column":13},"end":{"line":58,"column":7}}],"line":36},"3":{"loc":{"start":{"line":38,"column":13},"end":{"line":58,"column":7}},"type":"if","locations":[{"start":{"line":38,"column":13},"end":{"line":58,"column":7}},{"start":{"line":52,"column":13},"end":{"line":58,"column":7}}],"line":38},"4":{"loc":{"start":{"line":39,"column":8},"end":{"line":42,"column":9}},"type":"if","locations":[{"start":{"line":39,"column":8},"end":{"line":42,"column":9}},{"start":{},"end":{}}],"line":39},"5":{"loc":{"start":{"line":44,"column":8},"end":{"line":47,"column":9}},"type":"if","locations":[{"start":{"line":44,"column":8},"end":{"line":47,"column":9}},{"start":{},"end":{}}],"line":44},"6":{"loc":{"start":{"line":48,"column":8},"end":{"line":51,"column":9}},"type":"if","locations":[{"start":{"line":48,"column":8},"end":{"line":51,"column":9}},{"start":{},"end":{}}],"line":48},"7":{"loc":{"start":{"line":55,"column":23},"end":{"line":57,"column":97}},"type":"cond-expr","locations":[{"start":{"line":56,"column":12},"end":{"line":56,"column":100}},{"start":{"line":57,"column":12},"end":{"line":57,"column":97}}],"line":55}},"s":{"0":1,"1":10,"2":1,"3":10,"4":10,"5":10,"6":10,"7":1,"8":1,"9":3,"10":3,"11":3,"12":3,"13":3,"14":0,"15":1,"16":5,"17":5,"18":5,"19":18,"20":18,"21":10,"22":8,"23":7,"24":4,"25":4,"26":7,"27":7,"28":2,"29":2,"30":7,"31":1,"32":1,"33":1,"34":1,"35":1,"36":5,"37":1,"38":1},"f":{"0":10,"1":10,"2":1,"3":5},"b":{"0":[7,3],"1":[1,3,3,3,0],"2":[10,8],"3":[7,1],"4":[4,3],"5":[2,5],"6":[1,6],"7":[1,0]},"_coverageSchema":"1a1c01bbd47fc00a2c39e90264f33305004495a9","hash":"b8160fce9722aeda7f083da962cb5bb35ee7fff6"}
,"/home/mammoth/Scripts/git/frontend-project-46/src/formater/stylish.js": {"path":"/home/mammoth/Scripts/git/frontend-project-46/src/formater/stylish.js","statementMap":{"0":{"start":{"line":3,"column":18},"end":{"line":8,"column":1}},"1":{"start":{"line":4,"column":2},"end":{"line":6,"column":3}},"2":{"start":{"line":5,"column":4},"end":{"line":5,"column":22}},"3":{"start":{"line":7,"column":2},"end":{"line":7,"column":14}},"4":{"start":{"line":9,"column":18},"end":{"line":33,"column":1}},"5":{"start":{"line":10,"column":13},"end":{"line":10,"column":15}},"6":{"start":{"line":11,"column":41},"end":{"line":11,"column":52}},"7":{"start":{"line":12,"column":2},"end":{"line":32,"column":3}},"8":{"start":{"line":14,"column":6},"end":{"line":14,"column":71}},"9":{"start":{"line":15,"column":6},"end":{"line":15,"column":17}},"10":{"start":{"line":18,"column":6},"end":{"line":18,"column":71}},"11":{"start":{"line":19,"column":6},"end":{"line":19,"column":17}},"12":{"start":{"line":22,"column":6},"end":{"line":22,"column":71}},"13":{"start":{"line":23,"column":6},"end":{"line":23,"column":17}},"14":{"start":{"line":26,"column":6},"end":{"line":26,"column":71}},"15":{"start":{"line":27,"column":6},"end":{"line":27,"column":74}},"16":{"start":{"line":28,"column":6},"end":{"line":28,"column":17}},"17":{"start":{"line":31,"column":6},"end":{"line":31,"column":17}},"18":{"start":{"line":36,"column":15},"end":{"line":36,"column":16}},"19":{"start":{"line":37,"column":15},"end":{"line":66,"column":3}},"20":{"start":{"line":38,"column":22},"end":{"line":38,"column":24}},"21":{"start":{"line":39,"column":4},"end":{"line":64,"column":5}},"22":{"start":{"line":39,"column":17},"end":{"line":39,"column":18}},"23":{"start":{"line":40,"column":23},"end":{"line":40,"column":30}},"24":{"start":{"line":41,"column":6},"end":{"line":63,"column":7}},"25":{"start":{"line":42,"column":8},"end":{"line":42,"column":58}},"26":{"start":{"line":43,"column":13},"end":{"line":63,"column":7}},"27":{"start":{"line":44,"column":8},"end":{"line":47,"column":9}},"28":{"start":{"line":45,"column":34},"end":{"line":45,"column":41}},"29":{"start":{"line":46,"column":10},"end":{"line":46,"column":132}},"30":{"start":{"line":48,"column":35},"end":{"line":48,"column":42}},"31":{"start":{"line":49,"column":8},"end":{"line":51,"column":9}},"32":{"start":{"line":50,"column":10},"end":{"line":50,"column":129}},"33":{"start":{"line":52,"column":8},"end":{"line":54,"column":9}},"34":{"start":{"line":53,"column":10},"end":{"line":53,"column":129}},"35":{"start":{"line":56,"column":39},"end":{"line":56,"column":46}},"36":{"start":{"line":57,"column":8},"end":{"line":59,"column":59}},"37":{"start":{"line":60,"column":8},"end":{"line":62,"column":62}},"38":{"start":{"line":65,"column":4},"end":{"line":65,"column":22}},"39":{"start":{"line":67,"column":17},"end":{"line":67,"column":27}},"40":{"start":{"line":68,"column":2},"end":{"line":68,"column":26}}},"fnMap":{"0":{"name":"(anonymous_0)","decl":{"start":{"line":3,"column":18},"end":{"line":3,"column":19}},"loc":{"start":{"line":3,"column":29},"end":{"line":8,"column":1}},"line":3},"1":{"name":"(anonymous_1)","decl":{"start":{"line":9,"column":18},"end":{"line":9,"column":19}},"loc":{"start":{"line":9,"column":52},"end":{"line":33,"column":1}},"line":9},"2":{"name":"(anonymous_2)","decl":{"start":{"line":35,"column":15},"end":{"line":35,"column":16}},"loc":{"start":{"line":35,"column":41},"end":{"line":69,"column":1}},"line":35},"3":{"name":"(anonymous_3)","decl":{"start":{"line":37,"column":15},"end":{"line":37,"column":16}},"loc":{"start":{"line":37,"column":36},"end":{"line":66,"column":3}},"line":37}},"branchMap":{"0":{"loc":{"start":{"line":4,"column":2},"end":{"line":6,"column":3}},"type":"if","locations":[{"start":{"line":4,"column":2},"end":{"line":6,"column":3}},{"start":{},"end":{}}],"line":4},"1":{"loc":{"start":{"line":12,"column":2},"end":{"line":32,"column":3}},"type":"switch","locations":[{"start":{"line":13,"column":4},"end":{"line":15,"column":17}},{"start":{"line":17,"column":4},"end":{"line":19,"column":17}},{"start":{"line":21,"column":4},"end":{"line":23,"column":17}},{"start":{"line":25,"column":4},"end":{"line":28,"column":17}},{"start":{"line":30,"column":4},"end":{"line":31,"column":17}}],"line":12},"2":{"loc":{"start":{"line":35,"column":22},"end":{"line":35,"column":36}},"type":"default-arg","locations":[{"start":{"line":35,"column":33},"end":{"line":35,"column":36}}],"line":35},"3":{"loc":{"start":{"line":37,"column":22},"end":{"line":37,"column":31}},"type":"default-arg","locations":[{"start":{"line":37,"column":30},"end":{"line":37,"column":31}}],"line":37},"4":{"loc":{"start":{"line":41,"column":6},"end":{"line":63,"column":7}},"type":"if","locations":[{"start":{"line":41,"column":6},"end":{"line":63,"column":7}},{"start":{"line":43,"column":13},"end":{"line":63,"column":7}}],"line":41},"5":{"loc":{"start":{"line":43,"column":13},"end":{"line":63,"column":7}},"type":"if","locations":[{"start":{"line":43,"column":13},"end":{"line":63,"column":7}},{"start":{"line":55,"column":13},"end":{"line":63,"column":7}}],"line":43},"6":{"loc":{"start":{"line":44,"column":8},"end":{"line":47,"column":9}},"type":"if","locations":[{"start":{"line":44,"column":8},"end":{"line":47,"column":9}},{"start":{},"end":{}}],"line":44},"7":{"loc":{"start":{"line":49,"column":8},"end":{"line":51,"column":9}},"type":"if","locations":[{"start":{"line":49,"column":8},"end":{"line":51,"column":9}},{"start":{},"end":{}}],"line":49},"8":{"loc":{"start":{"line":52,"column":8},"end":{"line":54,"column":9}},"type":"if","locations":[{"start":{"line":52,"column":8},"end":{"line":54,"column":9}},{"start":{},"end":{}}],"line":52},"9":{"loc":{"start":{"line":57,"column":23},"end":{"line":59,"column":59}},"type":"cond-expr","locations":[{"start":{"line":58,"column":12},"end":{"line":58,"column":116}},{"start":{"line":59,"column":12},"end":{"line":59,"column":59}}],"line":57},"10":{"loc":{"start":{"line":60,"column":23},"end":{"line":62,"column":62}},"type":"cond-expr","locations":[{"start":{"line":61,"column":12},"end":{"line":61,"column":119}},{"start":{"line":62,"column":12},"end":{"line":62,"column":62}}],"line":60}},"s":{"0":1,"1":31,"2":30,"3":1,"4":1,"5":26,"6":26,"7":26,"8":5,"9":5,"10":5,"11":5,"12":11,"13":11,"14":5,"15":5,"16":5,"17":0,"18":3,"19":3,"20":14,"21":14,"22":14,"23":37,"24":37,"25":26,"26":11,"27":10,"28":7,"29":7,"30":10,"31":10,"32":2,"33":10,"34":1,"35":1,"36":1,"37":1,"38":14,"39":3,"40":3},"f":{"0":31,"1":26,"2":3,"3":14},"b":{"0":[30,1],"1":[5,5,11,5,0],"2":[3],"3":[3],"4":[26,11],"5":[10,1],"6":[7,3],"7":[2,8],"8":[1,9],"9":[1,0],"10":[0,1]},"_coverageSchema":"1a1c01bbd47fc00a2c39e90264f33305004495a9","hash":"b2aaf92c756058f1bbefa80bd1a5871ccbd0612c"}
}
