{"/home/mammoth/Scripts/git/frontend-project-46/src/gendiff.js": {"path":"/home/mammoth/Scripts/git/frontend-project-46/src/gendiff.js","statementMap":{"0":{"start":{"line":6,"column":17},"end":{"line":33,"column":1}},"1":{"start":{"line":7,"column":2},"end":{"line":15,"column":3}},"2":{"start":{"line":8,"column":4},"end":{"line":14,"column":5}},"3":{"start":{"line":16,"column":2},"end":{"line":23,"column":3}},"4":{"start":{"line":17,"column":4},"end":{"line":22,"column":5}},"5":{"start":{"line":24,"column":2},"end":{"line":31,"column":3}},"6":{"start":{"line":25,"column":4},"end":{"line":30,"column":5}},"7":{"start":{"line":32,"column":2},"end":{"line":32,"column":24}},"8":{"start":{"line":35,"column":24},"end":{"line":52,"column":1}},"9":{"start":{"line":36,"column":2},"end":{"line":51,"column":4}},"10":{"start":{"line":37,"column":4},"end":{"line":44,"column":5}},"11":{"start":{"line":38,"column":6},"end":{"line":43,"column":7}},"12":{"start":{"line":45,"column":4},"end":{"line":50,"column":5}},"13":{"start":{"line":54,"column":20},"end":{"line":59,"column":1}},"14":{"start":{"line":55,"column":2},"end":{"line":57,"column":3}},"15":{"start":{"line":56,"column":4},"end":{"line":56,"column":15}},"16":{"start":{"line":58,"column":2},"end":{"line":58,"column":26}},"17":{"start":{"line":61,"column":15},"end":{"line":118,"column":1}},"18":{"start":{"line":62,"column":2},"end":{"line":117,"column":3}},"19":{"start":{"line":63,"column":4},"end":{"line":63,"column":38}},"20":{"start":{"line":64,"column":9},"end":{"line":117,"column":3}},"21":{"start":{"line":65,"column":4},"end":{"line":72,"column":5}},"22":{"start":{"line":66,"column":6},"end":{"line":71,"column":7}},"23":{"start":{"line":73,"column":4},"end":{"line":80,"column":5}},"24":{"start":{"line":74,"column":6},"end":{"line":79,"column":7}},"25":{"start":{"line":81,"column":4},"end":{"line":88,"column":5}},"26":{"start":{"line":82,"column":6},"end":{"line":87,"column":7}},"27":{"start":{"line":90,"column":4},"end":{"line":99,"column":5}},"28":{"start":{"line":91,"column":6},"end":{"line":98,"column":7}},"29":{"start":{"line":100,"column":4},"end":{"line":109,"column":5}},"30":{"start":{"line":101,"column":6},"end":{"line":108,"column":7}},"31":{"start":{"line":110,"column":4},"end":{"line":116,"column":5}},"32":{"start":{"line":120,"column":18},"end":{"line":125,"column":1}},"33":{"start":{"line":121,"column":2},"end":{"line":123,"column":3}},"34":{"start":{"line":122,"column":4},"end":{"line":122,"column":22}},"35":{"start":{"line":124,"column":2},"end":{"line":124,"column":14}},"36":{"start":{"line":126,"column":18},"end":{"line":150,"column":1}},"37":{"start":{"line":127,"column":13},"end":{"line":127,"column":15}},"38":{"start":{"line":128,"column":41},"end":{"line":128,"column":52}},"39":{"start":{"line":129,"column":2},"end":{"line":149,"column":3}},"40":{"start":{"line":131,"column":6},"end":{"line":131,"column":71}},"41":{"start":{"line":132,"column":6},"end":{"line":132,"column":17}},"42":{"start":{"line":135,"column":6},"end":{"line":135,"column":71}},"43":{"start":{"line":136,"column":6},"end":{"line":136,"column":17}},"44":{"start":{"line":139,"column":6},"end":{"line":139,"column":71}},"45":{"start":{"line":140,"column":6},"end":{"line":140,"column":17}},"46":{"start":{"line":143,"column":6},"end":{"line":143,"column":71}},"47":{"start":{"line":144,"column":6},"end":{"line":144,"column":74}},"48":{"start":{"line":145,"column":6},"end":{"line":145,"column":17}},"49":{"start":{"line":148,"column":6},"end":{"line":148,"column":17}},"50":{"start":{"line":152,"column":18},"end":{"line":189,"column":1}},"51":{"start":{"line":153,"column":15},"end":{"line":153,"column":16}},"52":{"start":{"line":154,"column":15},"end":{"line":186,"column":3}},"53":{"start":{"line":155,"column":22},"end":{"line":155,"column":24}},"54":{"start":{"line":156,"column":4},"end":{"line":184,"column":5}},"55":{"start":{"line":156,"column":17},"end":{"line":156,"column":18}},"56":{"start":{"line":157,"column":23},"end":{"line":157,"column":30}},"57":{"start":{"line":158,"column":6},"end":{"line":182,"column":7}},"58":{"start":{"line":159,"column":8},"end":{"line":159,"column":58}},"59":{"start":{"line":160,"column":13},"end":{"line":182,"column":7}},"60":{"start":{"line":161,"column":8},"end":{"line":164,"column":9}},"61":{"start":{"line":162,"column":34},"end":{"line":162,"column":41}},"62":{"start":{"line":163,"column":10},"end":{"line":163,"column":132}},"63":{"start":{"line":165,"column":35},"end":{"line":165,"column":42}},"64":{"start":{"line":166,"column":8},"end":{"line":168,"column":9}},"65":{"start":{"line":167,"column":10},"end":{"line":167,"column":129}},"66":{"start":{"line":169,"column":8},"end":{"line":171,"column":9}},"67":{"start":{"line":170,"column":10},"end":{"line":170,"column":129}},"68":{"start":{"line":174,"column":39},"end":{"line":174,"column":46}},"69":{"start":{"line":175,"column":8},"end":{"line":177,"column":73}},"70":{"start":{"line":178,"column":8},"end":{"line":180,"column":76}},"71":{"start":{"line":185,"column":4},"end":{"line":185,"column":22}},"72":{"start":{"line":187,"column":17},"end":{"line":187,"column":27}},"73":{"start":{"line":188,"column":2},"end":{"line":188,"column":26}},"74":{"start":{"line":191,"column":18},"end":{"line":205,"column":1}},"75":{"start":{"line":192,"column":16},"end":{"line":192,"column":34}},"76":{"start":{"line":194,"column":16},"end":{"line":194,"column":34}},"77":{"start":{"line":196,"column":15},"end":{"line":198,"column":4}},"78":{"start":{"line":197,"column":4},"end":{"line":197,"column":36}},"79":{"start":{"line":204,"column":2},"end":{"line":204,"column":13}},"80":{"start":{"line":208,"column":20},"end":{"line":208,"column":38}},"81":{"start":{"line":209,"column":20},"end":{"line":209,"column":38}},"82":{"start":{"line":210,"column":22},"end":{"line":210,"column":60}},"83":{"start":{"line":211,"column":22},"end":{"line":211,"column":60}},"84":{"start":{"line":212,"column":15},"end":{"line":212,"column":50}},"85":{"start":{"line":214,"column":2},"end":{"line":214,"column":29}}},"fnMap":{"0":{"name":"(anonymous_0)","decl":{"start":{"line":6,"column":17},"end":{"line":6,"column":18}},"loc":{"start":{"line":6,"column":40},"end":{"line":33,"column":1}},"line":6},"1":{"name":"(anonymous_1)","decl":{"start":{"line":35,"column":24},"end":{"line":35,"column":25}},"loc":{"start":{"line":35,"column":34},"end":{"line":52,"column":1}},"line":35},"2":{"name":"(anonymous_2)","decl":{"start":{"line":36,"column":41},"end":{"line":36,"column":42}},"loc":{"start":{"line":36,"column":50},"end":{"line":51,"column":3}},"line":36},"3":{"name":"(anonymous_3)","decl":{"start":{"line":54,"column":20},"end":{"line":54,"column":21}},"loc":{"start":{"line":54,"column":30},"end":{"line":59,"column":1}},"line":54},"4":{"name":"(anonymous_4)","decl":{"start":{"line":61,"column":15},"end":{"line":61,"column":16}},"loc":{"start":{"line":61,"column":38},"end":{"line":118,"column":1}},"line":61},"5":{"name":"(anonymous_5)","decl":{"start":{"line":120,"column":18},"end":{"line":120,"column":19}},"loc":{"start":{"line":120,"column":29},"end":{"line":125,"column":1}},"line":120},"6":{"name":"(anonymous_6)","decl":{"start":{"line":126,"column":18},"end":{"line":126,"column":19}},"loc":{"start":{"line":126,"column":52},"end":{"line":150,"column":1}},"line":126},"7":{"name":"(anonymous_7)","decl":{"start":{"line":152,"column":18},"end":{"line":152,"column":19}},"loc":{"start":{"line":152,"column":44},"end":{"line":189,"column":1}},"line":152},"8":{"name":"(anonymous_8)","decl":{"start":{"line":154,"column":15},"end":{"line":154,"column":16}},"loc":{"start":{"line":154,"column":36},"end":{"line":186,"column":3}},"line":154},"9":{"name":"(anonymous_9)","decl":{"start":{"line":191,"column":18},"end":{"line":191,"column":19}},"loc":{"start":{"line":191,"column":36},"end":{"line":205,"column":1}},"line":191},"10":{"name":"(anonymous_10)","decl":{"start":{"line":196,"column":51},"end":{"line":196,"column":52}},"loc":{"start":{"line":196,"column":60},"end":{"line":198,"column":3}},"line":196},"11":{"name":"(anonymous_11)","decl":{"start":{"line":207,"column":15},"end":{"line":207,"column":16}},"loc":{"start":{"line":207,"column":39},"end":{"line":215,"column":1}},"line":207}},"branchMap":{"0":{"loc":{"start":{"line":7,"column":2},"end":{"line":15,"column":3}},"type":"if","locations":[{"start":{"line":7,"column":2},"end":{"line":15,"column":3}},{"start":{},"end":{}}],"line":7},"1":{"loc":{"start":{"line":7,"column":6},"end":{"line":7,"column":44}},"type":"binary-expr","locations":[{"start":{"line":7,"column":6},"end":{"line":7,"column":23}},{"start":{"line":7,"column":27},"end":{"line":7,"column":44}}],"line":7},"2":{"loc":{"start":{"line":13,"column":12},"end":{"line":13,"column":63}},"type":"cond-expr","locations":[{"start":{"line":13,"column":40},"end":{"line":13,"column":51}},{"start":{"line":13,"column":54},"end":{"line":13,"column":63}}],"line":13},"3":{"loc":{"start":{"line":16,"column":2},"end":{"line":23,"column":3}},"type":"if","locations":[{"start":{"line":16,"column":2},"end":{"line":23,"column":3}},{"start":{},"end":{}}],"line":16},"4":{"loc":{"start":{"line":16,"column":6},"end":{"line":16,"column":45}},"type":"binary-expr","locations":[{"start":{"line":16,"column":6},"end":{"line":16,"column":24}},{"start":{"line":16,"column":28},"end":{"line":16,"column":45}}],"line":16},"5":{"loc":{"start":{"line":24,"column":2},"end":{"line":31,"column":3}},"type":"if","locations":[{"start":{"line":24,"column":2},"end":{"line":31,"column":3}},{"start":{},"end":{}}],"line":24},"6":{"loc":{"start":{"line":24,"column":6},"end":{"line":24,"column":45}},"type":"binary-expr","locations":[{"start":{"line":24,"column":6},"end":{"line":24,"column":23}},{"start":{"line":24,"column":27},"end":{"line":24,"column":45}}],"line":24},"7":{"loc":{"start":{"line":37,"column":4},"end":{"line":44,"column":5}},"type":"if","locations":[{"start":{"line":37,"column":4},"end":{"line":44,"column":5}},{"start":{},"end":{}}],"line":37},"8":{"loc":{"start":{"line":55,"column":2},"end":{"line":57,"column":3}},"type":"if","locations":[{"start":{"line":55,"column":2},"end":{"line":57,"column":3}},{"start":{},"end":{}}],"line":55},"9":{"loc":{"start":{"line":62,"column":2},"end":{"line":117,"column":3}},"type":"if","locations":[{"start":{"line":62,"column":2},"end":{"line":117,"column":3}},{"start":{"line":64,"column":9},"end":{"line":117,"column":3}}],"line":62},"10":{"loc":{"start":{"line":62,"column":6},"end":{"line":62,"column":56}},"type":"binary-expr","locations":[{"start":{"line":62,"column":6},"end":{"line":62,"column":29}},{"start":{"line":62,"column":33},"end":{"line":62,"column":56}}],"line":62},"11":{"loc":{"start":{"line":64,"column":9},"end":{"line":117,"column":3}},"type":"if","locations":[{"start":{"line":64,"column":9},"end":{"line":117,"column":3}},{"start":{"line":89,"column":9},"end":{"line":117,"column":3}}],"line":64},"12":{"loc":{"start":{"line":64,"column":13},"end":{"line":64,"column":61}},"type":"binary-expr","locations":[{"start":{"line":64,"column":13},"end":{"line":64,"column":35}},{"start":{"line":64,"column":39},"end":{"line":64,"column":61}}],"line":64},"13":{"loc":{"start":{"line":65,"column":4},"end":{"line":72,"column":5}},"type":"if","locations":[{"start":{"line":65,"column":4},"end":{"line":72,"column":5}},{"start":{},"end":{}}],"line":65},"14":{"loc":{"start":{"line":65,"column":8},"end":{"line":65,"column":46}},"type":"binary-expr","locations":[{"start":{"line":65,"column":8},"end":{"line":65,"column":25}},{"start":{"line":65,"column":29},"end":{"line":65,"column":46}}],"line":65},"15":{"loc":{"start":{"line":73,"column":4},"end":{"line":80,"column":5}},"type":"if","locations":[{"start":{"line":73,"column":4},"end":{"line":80,"column":5}},{"start":{},"end":{}}],"line":73},"16":{"loc":{"start":{"line":73,"column":8},"end":{"line":73,"column":47}},"type":"binary-expr","locations":[{"start":{"line":73,"column":8},"end":{"line":73,"column":26}},{"start":{"line":73,"column":30},"end":{"line":73,"column":47}}],"line":73},"17":{"loc":{"start":{"line":81,"column":4},"end":{"line":88,"column":5}},"type":"if","locations":[{"start":{"line":81,"column":4},"end":{"line":88,"column":5}},{"start":{},"end":{}}],"line":81},"18":{"loc":{"start":{"line":81,"column":8},"end":{"line":81,"column":47}},"type":"binary-expr","locations":[{"start":{"line":81,"column":8},"end":{"line":81,"column":26}},{"start":{"line":81,"column":30},"end":{"line":81,"column":47}}],"line":81},"19":{"loc":{"start":{"line":90,"column":4},"end":{"line":99,"column":5}},"type":"if","locations":[{"start":{"line":90,"column":4},"end":{"line":99,"column":5}},{"start":{},"end":{}}],"line":90},"20":{"loc":{"start":{"line":90,"column":8},"end":{"line":90,"column":47}},"type":"binary-expr","locations":[{"start":{"line":90,"column":8},"end":{"line":90,"column":25}},{"start":{"line":90,"column":29},"end":{"line":90,"column":47}}],"line":90},"21":{"loc":{"start":{"line":93,"column":16},"end":{"line":93,"column":53}},"type":"cond-expr","locations":[{"start":{"line":93,"column":41},"end":{"line":93,"column":45}},{"start":{"line":93,"column":48},"end":{"line":93,"column":53}}],"line":93},"22":{"loc":{"start":{"line":95,"column":15},"end":{"line":97,"column":22}},"type":"cond-expr","locations":[{"start":{"line":96,"column":12},"end":{"line":96,"column":39}},{"start":{"line":97,"column":12},"end":{"line":97,"column":22}}],"line":95},"23":{"loc":{"start":{"line":100,"column":4},"end":{"line":109,"column":5}},"type":"if","locations":[{"start":{"line":100,"column":4},"end":{"line":109,"column":5}},{"start":{},"end":{}}],"line":100},"24":{"loc":{"start":{"line":100,"column":8},"end":{"line":100,"column":47}},"type":"binary-expr","locations":[{"start":{"line":100,"column":8},"end":{"line":100,"column":26}},{"start":{"line":100,"column":30},"end":{"line":100,"column":47}}],"line":100},"25":{"loc":{"start":{"line":103,"column":16},"end":{"line":103,"column":53}},"type":"cond-expr","locations":[{"start":{"line":103,"column":41},"end":{"line":103,"column":45}},{"start":{"line":103,"column":48},"end":{"line":103,"column":53}}],"line":103},"26":{"loc":{"start":{"line":105,"column":15},"end":{"line":107,"column":22}},"type":"cond-expr","locations":[{"start":{"line":106,"column":12},"end":{"line":106,"column":39}},{"start":{"line":107,"column":12},"end":{"line":107,"column":22}}],"line":105},"27":{"loc":{"start":{"line":114,"column":13},"end":{"line":114,"column":78}},"type":"cond-expr","locations":[{"start":{"line":114,"column":38},"end":{"line":114,"column":65}},{"start":{"line":114,"column":68},"end":{"line":114,"column":78}}],"line":114},"28":{"loc":{"start":{"line":115,"column":16},"end":{"line":115,"column":81}},"type":"cond-expr","locations":[{"start":{"line":115,"column":41},"end":{"line":115,"column":68}},{"start":{"line":115,"column":71},"end":{"line":115,"column":81}}],"line":115},"29":{"loc":{"start":{"line":121,"column":2},"end":{"line":123,"column":3}},"type":"if","locations":[{"start":{"line":121,"column":2},"end":{"line":123,"column":3}},{"start":{},"end":{}}],"line":121},"30":{"loc":{"start":{"line":129,"column":2},"end":{"line":149,"column":3}},"type":"switch","locations":[{"start":{"line":130,"column":4},"end":{"line":132,"column":17}},{"start":{"line":134,"column":4},"end":{"line":136,"column":17}},{"start":{"line":138,"column":4},"end":{"line":140,"column":17}},{"start":{"line":142,"column":4},"end":{"line":145,"column":17}},{"start":{"line":147,"column":4},"end":{"line":148,"column":17}}],"line":129},"31":{"loc":{"start":{"line":152,"column":25},"end":{"line":152,"column":39}},"type":"default-arg","locations":[{"start":{"line":152,"column":36},"end":{"line":152,"column":39}}],"line":152},"32":{"loc":{"start":{"line":154,"column":22},"end":{"line":154,"column":31}},"type":"default-arg","locations":[{"start":{"line":154,"column":30},"end":{"line":154,"column":31}}],"line":154},"33":{"loc":{"start":{"line":158,"column":6},"end":{"line":182,"column":7}},"type":"if","locations":[{"start":{"line":158,"column":6},"end":{"line":182,"column":7}},{"start":{"line":160,"column":13},"end":{"line":182,"column":7}}],"line":158},"34":{"loc":{"start":{"line":160,"column":13},"end":{"line":182,"column":7}},"type":"if","locations":[{"start":{"line":160,"column":13},"end":{"line":182,"column":7}},{"start":{"line":173,"column":11},"end":{"line":182,"column":7}}],"line":160},"35":{"loc":{"start":{"line":161,"column":8},"end":{"line":164,"column":9}},"type":"if","locations":[{"start":{"line":161,"column":8},"end":{"line":164,"column":9}},{"start":{},"end":{}}],"line":161},"36":{"loc":{"start":{"line":166,"column":8},"end":{"line":168,"column":9}},"type":"if","locations":[{"start":{"line":166,"column":8},"end":{"line":168,"column":9}},{"start":{},"end":{}}],"line":166},"37":{"loc":{"start":{"line":169,"column":8},"end":{"line":171,"column":9}},"type":"if","locations":[{"start":{"line":169,"column":8},"end":{"line":171,"column":9}},{"start":{},"end":{}}],"line":169},"38":{"loc":{"start":{"line":175,"column":23},"end":{"line":177,"column":73}},"type":"cond-expr","locations":[{"start":{"line":176,"column":26},"end":{"line":176,"column":130}},{"start":{"line":177,"column":26},"end":{"line":177,"column":73}}],"line":175},"39":{"loc":{"start":{"line":178,"column":23},"end":{"line":180,"column":76}},"type":"cond-expr","locations":[{"start":{"line":179,"column":26},"end":{"line":179,"column":133}},{"start":{"line":180,"column":26},"end":{"line":180,"column":76}}],"line":178}},"s":{"0":1,"1":20,"2":10,"3":10,"4":5,"5":5,"6":5,"7":0,"8":1,"9":7,"10":9,"11":6,"12":3,"13":1,"14":14,"15":0,"16":14,"17":1,"18":28,"19":20,"20":8,"21":4,"22":4,"23":0,"24":0,"25":0,"26":0,"27":4,"28":1,"29":3,"30":2,"31":1,"32":1,"33":31,"34":30,"35":1,"36":1,"37":26,"38":26,"39":26,"40":5,"41":5,"42":5,"43":5,"44":11,"45":11,"46":5,"47":5,"48":5,"49":0,"50":1,"51":3,"52":3,"53":14,"54":14,"55":14,"56":37,"57":37,"58":26,"59":11,"60":10,"61":7,"62":7,"63":10,"64":10,"65":2,"66":10,"67":1,"68":1,"69":1,"70":1,"71":14,"72":3,"73":3,"74":1,"75":7,"76":7,"77":7,"78":28,"79":7,"80":3,"81":3,"82":3,"83":3,"84":3,"85":3},"f":{"0":20,"1":7,"2":9,"3":14,"4":28,"5":31,"6":26,"7":3,"8":14,"9":7,"10":28,"11":3},"b":{"0":[10,10],"1":[20,15],"2":[5,5],"3":[5,5],"4":[10,5],"5":[5,0],"6":[5,5],"7":[6,3],"8":[0,14],"9":[20,8],"10":[28,22],"11":[4,4],"12":[8,6],"13":[4,0],"14":[4,4],"15":[0,0],"16":[0,0],"17":[0,0],"18":[0,0],"19":[1,3],"20":[4,2],"21":[1,0],"22":[1,0],"23":[2,1],"24":[3,2],"25":[2,0],"26":[2,0],"27":[1,0],"28":[0,1],"29":[30,1],"30":[5,5,11,5,0],"31":[0],"32":[3],"33":[26,11],"34":[10,1],"35":[7,3],"36":[2,8],"37":[1,9],"38":[1,0],"39":[0,1]},"_coverageSchema":"1a1c01bbd47fc00a2c39e90264f33305004495a9","hash":"1b2650646f02a3ee4e3f89eb47a68d4dcff22840"}
,"/home/mammoth/Scripts/git/frontend-project-46/src/parsers.js": {"path":"/home/mammoth/Scripts/git/frontend-project-46/src/parsers.js","statementMap":{"0":{"start":{"line":4,"column":2},"end":{"line":21,"column":3}},"1":{"start":{"line":6,"column":6},"end":{"line":10,"column":7}},"2":{"start":{"line":7,"column":8},"end":{"line":7,"column":32}},"3":{"start":{"line":9,"column":8},"end":{"line":9,"column":45}},"4":{"start":{"line":14,"column":6},"end":{"line":18,"column":7}},"5":{"start":{"line":15,"column":8},"end":{"line":15,"column":27}},"6":{"start":{"line":17,"column":8},"end":{"line":17,"column":45}},"7":{"start":{"line":20,"column":6},"end":{"line":20,"column":52}}},"fnMap":{"0":{"name":"(anonymous_0)","decl":{"start":{"line":3,"column":15},"end":{"line":3,"column":16}},"loc":{"start":{"line":3,"column":37},"end":{"line":22,"column":1}},"line":3}},"branchMap":{"0":{"loc":{"start":{"line":4,"column":2},"end":{"line":21,"column":3}},"type":"switch","locations":[{"start":{"line":5,"column":4},"end":{"line":10,"column":7}},{"start":{"line":12,"column":4},"end":{"line":12,"column":17}},{"start":{"line":13,"column":4},"end":{"line":18,"column":7}},{"start":{"line":19,"column":4},"end":{"line":20,"column":52}}],"line":4}},"s":{"0":6,"1":4,"2":4,"3":0,"4":2,"5":2,"6":0,"7":0},"f":{"0":6},"b":{"0":[4,1,2,0]},"_coverageSchema":"1a1c01bbd47fc00a2c39e90264f33305004495a9","hash":"f233af39b560af294291c4a4ee24c734f4481a0a"}
,"/home/mammoth/Scripts/git/frontend-project-46/src/readFile.js": {"path":"/home/mammoth/Scripts/git/frontend-project-46/src/readFile.js","statementMap":{"0":{"start":{"line":3,"column":27},"end":{"line":12,"column":1}},"1":{"start":{"line":4,"column":12},"end":{"line":4,"column":14}},"2":{"start":{"line":5,"column":2},"end":{"line":11,"column":3}},"3":{"start":{"line":6,"column":4},"end":{"line":6,"column":41}},"4":{"start":{"line":7,"column":4},"end":{"line":7,"column":15}},"5":{"start":{"line":10,"column":4},"end":{"line":10,"column":79}}},"fnMap":{"0":{"name":"(anonymous_0)","decl":{"start":{"line":3,"column":27},"end":{"line":3,"column":28}},"loc":{"start":{"line":3,"column":37},"end":{"line":12,"column":1}},"line":3}},"branchMap":{},"s":{"0":1,"1":8,"2":8,"3":8,"4":8,"5":0},"f":{"0":8},"b":{},"_coverageSchema":"1a1c01bbd47fc00a2c39e90264f33305004495a9","hash":"dca300793cca625ec1f3bdb59f5dbb8e9ff2945f"}
}
