TN:
SF:src/buildTree.js
FN:3,(anonymous_0)
FN:32,(anonymous_1)
FN:33,(anonymous_2)
FN:51,(anonymous_3)
FN:112,(anonymous_4)
FN:119,(anonymous_5)
FN:122,(anonymous_6)
FNF:7
FNH:7
FNDA:30,(anonymous_0)
FNDA:14,(anonymous_1)
FNDA:18,(anonymous_2)
FNDA:46,(anonymous_3)
FNDA:24,(anonymous_4)
FNDA:12,(anonymous_5)
FNDA:46,(anonymous_6)
DA:3,1
DA:4,30
DA:5,16
DA:13,14
DA:14,8
DA:21,6
DA:22,6
DA:29,0
DA:32,1
DA:33,14
DA:34,18
DA:35,12
DA:42,6
DA:51,1
DA:52,46
DA:53,30
DA:54,16
DA:55,8
DA:56,8
DA:63,0
DA:64,0
DA:71,0
DA:72,0
DA:80,8
DA:81,2
DA:90,6
DA:91,4
DA:100,2
DA:112,1
DA:113,24
DA:114,0
DA:116,24
DA:119,1
DA:120,12
DA:121,12
DA:122,12
DA:123,46
DA:126,12
LF:38
LH:32
BRDA:4,0,0,16
BRDA:4,0,1,14
BRDA:4,1,0,30
BRDA:4,1,1,22
BRDA:10,2,0,8
BRDA:10,2,1,8
BRDA:13,3,0,8
BRDA:13,3,1,6
BRDA:13,4,0,14
BRDA:13,4,1,8
BRDA:21,5,0,6
BRDA:21,5,1,0
BRDA:21,6,0,6
BRDA:21,6,1,6
BRDA:34,7,0,12
BRDA:34,7,1,6
BRDA:52,8,0,30
BRDA:52,8,1,16
BRDA:52,9,0,46
BRDA:52,9,1,34
BRDA:54,10,0,8
BRDA:54,10,1,8
BRDA:54,11,0,16
BRDA:54,11,1,12
BRDA:55,12,0,8
BRDA:55,12,1,0
BRDA:55,13,0,8
BRDA:55,13,1,8
BRDA:63,14,0,0
BRDA:63,14,1,0
BRDA:63,15,0,0
BRDA:63,15,1,0
BRDA:71,16,0,0
BRDA:71,16,1,0
BRDA:71,17,0,0
BRDA:71,17,1,0
BRDA:80,18,0,2
BRDA:80,18,1,6
BRDA:80,19,0,8
BRDA:80,19,1,4
BRDA:83,20,0,2
BRDA:83,20,1,0
BRDA:85,21,0,2
BRDA:85,21,1,0
BRDA:90,22,0,4
BRDA:90,22,1,2
BRDA:90,23,0,6
BRDA:90,23,1,4
BRDA:93,24,0,4
BRDA:93,24,1,0
BRDA:95,25,0,4
BRDA:95,25,1,0
BRDA:104,26,0,2
BRDA:104,26,1,0
BRDA:105,27,0,0
BRDA:105,27,1,2
BRDA:113,28,0,0
BRDA:113,28,1,24
BRF:58
BRH:41
end_of_record
TN:
SF:src/gendiff.js
FN:7,(anonymous_0)
FNF:1
FNH:1
FNDA:4,(anonymous_0)
DA:8,4
DA:9,4
DA:10,4
DA:11,4
DA:12,4
DA:13,4
LF:6
LH:6
BRF:0
BRH:0
end_of_record
TN:
SF:src/parsers.js
FN:3,(anonymous_0)
FNF:1
FNH:1
FNDA:8,(anonymous_0)
DA:4,8
DA:6,6
DA:7,6
DA:9,0
DA:14,2
DA:15,2
DA:17,0
DA:20,0
LF:8
LH:5
BRDA:4,0,0,6
BRDA:4,0,1,1
BRDA:4,0,2,2
BRDA:4,0,3,0
BRF:4
BRH:3
end_of_record
TN:
SF:src/readFile.js
FN:3,(anonymous_0)
FNF:1
FNH:1
FNDA:11,(anonymous_0)
DA:3,1
DA:4,11
DA:5,11
DA:6,11
DA:7,11
DA:9,0
LF:6
LH:5
BRF:0
BRH:0
end_of_record
TN:
SF:src/formater/index.js
FN:4,(anonymous_0)
FNF:1
FNH:1
FNDA:4,(anonymous_0)
DA:4,1
DA:5,4
DA:7,1
DA:9,1
DA:12,2
LF:5
LH:5
BRDA:5,0,0,1
BRDA:5,0,1,1
BRDA:5,0,2,2
BRF:3
BRH:3
end_of_record
TN:
SF:src/formater/plain.js
FN:3,(anonymous_0)
FN:5,(anonymous_1)
FN:31,(anonymous_2)
FN:32,(anonymous_3)
FNF:4
FNH:4
FNDA:10,(anonymous_0)
FNDA:10,(anonymous_1)
FNDA:1,(anonymous_2)
FNDA:5,(anonymous_3)
DA:3,10
DA:5,1
DA:6,10
DA:7,10
DA:8,10
DA:10,10
DA:12,1
DA:13,1
DA:16,3
DA:17,3
DA:20,3
DA:23,3
DA:24,3
DA:27,0
DA:32,1
DA:33,5
DA:34,5
DA:35,18
DA:36,18
DA:37,10
DA:38,8
DA:39,7
DA:40,4
DA:41,4
DA:43,7
DA:44,7
DA:45,2
DA:46,2
DA:48,7
DA:49,1
DA:50,1
DA:53,1
DA:54,1
DA:55,1
DA:60,5
DA:62,1
DA:63,1
LF:37
LH:36
BRDA:3,0,0,7
BRDA:3,0,1,3
BRDA:10,1,0,1
BRDA:10,1,1,3
BRDA:10,1,2,3
BRDA:10,1,3,3
BRDA:10,1,4,0
BRDA:36,2,0,10
BRDA:36,2,1,8
BRDA:38,3,0,7
BRDA:38,3,1,1
BRDA:39,4,0,4
BRDA:39,4,1,3
BRDA:44,5,0,2
BRDA:44,5,1,5
BRDA:48,6,0,1
BRDA:48,6,1,6
BRDA:55,7,0,1
BRDA:55,7,1,0
BRF:19
BRH:17
end_of_record
TN:
SF:src/formater/stylish.js
FN:3,(anonymous_0)
FN:9,(anonymous_1)
FN:35,(anonymous_2)
FN:37,(anonymous_3)
FNF:4
FNH:4
FNDA:31,(anonymous_0)
FNDA:26,(anonymous_1)
FNDA:3,(anonymous_2)
FNDA:14,(anonymous_3)
DA:3,1
DA:4,31
DA:5,30
DA:7,1
DA:9,1
DA:10,26
DA:11,26
DA:12,26
DA:14,5
DA:15,5
DA:18,5
DA:19,5
DA:22,11
DA:23,11
DA:26,5
DA:27,5
DA:28,5
DA:31,0
DA:36,3
DA:37,3
DA:38,14
DA:39,14
DA:40,37
DA:41,37
DA:42,26
DA:43,11
DA:44,10
DA:45,7
DA:46,7
DA:48,10
DA:49,10
DA:50,2
DA:52,10
DA:53,1
DA:56,1
DA:57,1
DA:60,1
DA:65,14
DA:67,3
DA:68,3
LF:40
LH:39
BRDA:4,0,0,30
BRDA:4,0,1,1
BRDA:12,1,0,5
BRDA:12,1,1,5
BRDA:12,1,2,11
BRDA:12,1,3,5
BRDA:12,1,4,0
BRDA:35,2,0,3
BRDA:37,3,0,3
BRDA:41,4,0,26
BRDA:41,4,1,11
BRDA:43,5,0,10
BRDA:43,5,1,1
BRDA:44,6,0,7
BRDA:44,6,1,3
BRDA:49,7,0,2
BRDA:49,7,1,8
BRDA:52,8,0,1
BRDA:52,8,1,9
BRDA:57,9,0,1
BRDA:57,9,1,0
BRDA:60,10,0,0
BRDA:60,10,1,1
BRF:23
BRH:20
end_of_record
