TN:
SF:src/gendiff.js
FN:6,(anonymous_0)
FN:35,(anonymous_1)
FN:36,(anonymous_2)
FN:54,(anonymous_3)
FN:61,(anonymous_4)
FN:120,(anonymous_5)
FN:126,(anonymous_6)
FN:152,(anonymous_7)
FN:154,(anonymous_8)
FN:191,(anonymous_9)
FN:196,(anonymous_10)
FN:207,(anonymous_11)
FNF:12
FNH:12
FNDA:20,(anonymous_0)
FNDA:7,(anonymous_1)
FNDA:9,(anonymous_2)
FNDA:14,(anonymous_3)
FNDA:28,(anonymous_4)
FNDA:31,(anonymous_5)
FNDA:26,(anonymous_6)
FNDA:3,(anonymous_7)
FNDA:14,(anonymous_8)
FNDA:7,(anonymous_9)
FNDA:28,(anonymous_10)
FNDA:3,(anonymous_11)
DA:6,1
DA:7,20
DA:8,10
DA:16,10
DA:17,5
DA:24,5
DA:25,5
DA:32,0
DA:35,1
DA:36,7
DA:37,9
DA:38,6
DA:45,3
DA:54,1
DA:55,14
DA:56,0
DA:58,14
DA:61,1
DA:62,28
DA:63,20
DA:64,8
DA:65,4
DA:66,4
DA:73,0
DA:74,0
DA:81,0
DA:82,0
DA:90,4
DA:91,1
DA:100,3
DA:101,2
DA:110,1
DA:120,1
DA:121,31
DA:122,30
DA:124,1
DA:126,1
DA:127,26
DA:128,26
DA:129,26
DA:131,5
DA:132,5
DA:135,5
DA:136,5
DA:139,11
DA:140,11
DA:143,5
DA:144,5
DA:145,5
DA:148,0
DA:152,1
DA:153,3
DA:154,3
DA:155,14
DA:156,14
DA:157,37
DA:158,37
DA:159,26
DA:160,11
DA:161,10
DA:162,7
DA:163,7
DA:165,10
DA:166,10
DA:167,2
DA:169,10
DA:170,1
DA:174,1
DA:175,1
DA:178,1
DA:185,14
DA:187,3
DA:188,3
DA:191,1
DA:192,7
DA:194,7
DA:196,7
DA:197,28
DA:204,7
DA:208,3
DA:209,3
DA:210,3
DA:211,3
DA:212,3
DA:214,3
LF:85
LH:78
BRDA:7,0,0,10
BRDA:7,0,1,10
BRDA:7,1,0,20
BRDA:7,1,1,15
BRDA:13,2,0,5
BRDA:13,2,1,5
BRDA:16,3,0,5
BRDA:16,3,1,5
BRDA:16,4,0,10
BRDA:16,4,1,5
BRDA:24,5,0,5
BRDA:24,5,1,0
BRDA:24,6,0,5
BRDA:24,6,1,5
BRDA:37,7,0,6
BRDA:37,7,1,3
BRDA:55,8,0,0
BRDA:55,8,1,14
BRDA:62,9,0,20
BRDA:62,9,1,8
BRDA:62,10,0,28
BRDA:62,10,1,22
BRDA:64,11,0,4
BRDA:64,11,1,4
BRDA:64,12,0,8
BRDA:64,12,1,6
BRDA:65,13,0,4
BRDA:65,13,1,0
BRDA:65,14,0,4
BRDA:65,14,1,4
BRDA:73,15,0,0
BRDA:73,15,1,0
BRDA:73,16,0,0
BRDA:73,16,1,0
BRDA:81,17,0,0
BRDA:81,17,1,0
BRDA:81,18,0,0
BRDA:81,18,1,0
BRDA:90,19,0,1
BRDA:90,19,1,3
BRDA:90,20,0,4
BRDA:90,20,1,2
BRDA:93,21,0,1
BRDA:93,21,1,0
BRDA:95,22,0,1
BRDA:95,22,1,0
BRDA:100,23,0,2
BRDA:100,23,1,1
BRDA:100,24,0,3
BRDA:100,24,1,2
BRDA:103,25,0,2
BRDA:103,25,1,0
BRDA:105,26,0,2
BRDA:105,26,1,0
BRDA:114,27,0,1
BRDA:114,27,1,0
BRDA:115,28,0,0
BRDA:115,28,1,1
BRDA:121,29,0,30
BRDA:121,29,1,1
BRDA:129,30,0,5
BRDA:129,30,1,5
BRDA:129,30,2,11
BRDA:129,30,3,5
BRDA:129,30,4,0
BRDA:152,31,0,0
BRDA:154,32,0,3
BRDA:158,33,0,26
BRDA:158,33,1,11
BRDA:160,34,0,10
BRDA:160,34,1,1
BRDA:161,35,0,7
BRDA:161,35,1,3
BRDA:166,36,0,2
BRDA:166,36,1,8
BRDA:169,37,0,1
BRDA:169,37,1,9
BRDA:175,38,0,1
BRDA:175,38,1,0
BRDA:178,39,0,0
BRDA:178,39,1,1
BRF:81
BRH:60
end_of_record
TN:
SF:src/parsers.js
FN:3,(anonymous_0)
FNF:1
FNH:1
FNDA:6,(anonymous_0)
DA:4,6
DA:6,4
DA:7,4
DA:9,0
DA:14,2
DA:15,2
DA:17,0
DA:20,0
LF:8
LH:5
BRDA:4,0,0,4
BRDA:4,0,1,1
BRDA:4,0,2,2
BRDA:4,0,3,0
BRF:4
BRH:3
end_of_record
TN:
SF:src/readFile.js
FN:3,(anonymous_0)
FNF:1
FNH:1
FNDA:8,(anonymous_0)
DA:3,1
DA:4,8
DA:5,8
DA:6,8
DA:7,8
DA:10,0
LF:6
LH:5
BRF:0
BRH:0
end_of_record
